# JRE version: Java(TM) SE Runtime Environment (8.0_291-b10) (build 1.8.0_291-b10)
# Java VM: Java HotSpot(TM) 64-Bit Server VM (25.291-b10 mixed mode windows-amd64 compressed oops)
Heap:
 PSYoungGen      total 18944K, used 3766K [0x00000000eb180000, 0x00000000ecd80000, 0x0000000100000000)
  eden space 16384K, 22% used [0x00000000eb180000,0x00000000eb52db68,0x00000000ec180000)
  from space 2560K, 0% used [0x00000000ec180000,0x00000000ec180000,0x00000000ec400000)
  to   space 6144K, 0% used [0x00000000ec780000,0x00000000ec780000,0x00000000ecd80000)
 ParOldGen       total 28672K, used 8674K [0x00000000c1400000, 0x00000000c3000000, 0x00000000eb180000)
  object space 28672K, 30% used [0x00000000c1400000,0x00000000c1c78950,0x00000000c3000000)
 Metaspace       used 21604K, capacity 22314K, committed 22400K, reserved 1069056K
  class space    used 2707K, capacity 2901K, committed 2944K, reserved 1048576K
GC Heap History (10 events):
Event: 2.873 GC heap before
{Heap before GC invocations=2 (full 0):
 PSYoungGen      total 18944K, used 18888K [0x00000000eb180000, 0x00000000ec680000, 0x0000000100000000)
  eden space 16384K, 99% used [0x00000000eb180000,0x00000000ec1798a8,0x00000000ec180000)
  from space 2560K, 98% used [0x00000000ec180000,0x00000000ec3f8a10,0x00000000ec400000)
  to   space 2560K, 0% used [0x00000000ec400000,0x00000000ec400000,0x00000000ec680000)
 ParOldGen       total 44032K, used 1372K [0x00000000c1400000, 0x00000000c3f00000, 0x00000000eb180000)
  object space 44032K, 3% used [0x00000000c1400000,0x00000000c1557038,0x00000000c3f00000)
 Metaspace       used 13485K, capacity 13704K, committed 14080K, reserved 1060864K
  class space    used 1599K, capacity 1682K, committed 1792K, reserved 1048576K
Event: 2.886 GC heap after
Heap after GC invocations=2 (full 0):
 PSYoungGen      total 18944K, used 2528K [0x00000000eb180000, 0x00000000ec680000, 0x0000000100000000)
  eden space 16384K, 0% used [0x00000000eb180000,0x00000000eb180000,0x00000000ec180000)
  from space 2560K, 98% used [0x00000000ec400000,0x00000000ec678020,0x00000000ec680000)
  to   space 2560K, 0% used [0x00000000ec180000,0x00000000ec180000,0x00000000ec400000)
 ParOldGen       total 44032K, used 3507K [0x00000000c1400000, 0x00000000c3f00000, 0x00000000eb180000)
  object space 44032K, 7% used [0x00000000c1400000,0x00000000c176ce18,0x00000000c3f00000)
 Metaspace       used 13485K, capacity 13704K, committed 14080K, reserved 1060864K
  class space    used 1599K, capacity 1682K, committed 1792K, reserved 1048576K
}
Event: 4.004 GC heap before
{Heap before GC invocations=3 (full 0):
 PSYoungGen      total 18944K, used 18912K [0x00000000eb180000, 0x00000000ec680000, 0x0000000100000000)
  eden space 16384K, 100% used [0x00000000eb180000,0x00000000ec180000,0x00000000ec180000)
  from space 2560K, 98% used [0x00000000ec400000,0x00000000ec678020,0x00000000ec680000)
  to   space 2560K, 0% used [0x00000000ec180000,0x00000000ec180000,0x00000000ec400000)
 ParOldGen       total 44032K, used 3507K [0x00000000c1400000, 0x00000000c3f00000, 0x00000000eb180000)
  object space 44032K, 7% used [0x00000000c1400000,0x00000000c176ce18,0x00000000c3f00000)
 Metaspace       used 16779K, capacity 17052K, committed 17280K, reserved 1064960K
  class space    used 2062K, capacity 2144K, committed 2176K, reserved 1048576K
Event: 4.011 GC heap after
Heap after GC invocations=3 (full 0):
 PSYoungGen      total 18944K, used 2544K [0x00000000eb180000, 0x00000000ec680000, 0x0000000100000000)
  eden space 16384K, 0% used [0x00000000eb180000,0x00000000eb180000,0x00000000ec180000)
  from space 2560K, 99% used [0x00000000ec180000,0x00000000ec3fc040,0x00000000ec400000)
  to   space 2560K, 0% used [0x00000000ec400000,0x00000000ec400000,0x00000000ec680000)
 ParOldGen       total 44032K, used 6326K [0x00000000c1400000, 0x00000000c3f00000, 0x00000000eb180000)
  object space 44032K, 14% used [0x00000000c1400000,0x00000000c1a2dba0,0x00000000c3f00000)
 Metaspace       used 16779K, capacity 17052K, committed 17280K, reserved 1064960K
  class space    used 2062K, capacity 2144K, committed 2176K, reserved 1048576K
}
Event: 16.254 GC heap before
{Heap before GC invocations=4 (full 0):
 PSYoungGen      total 18944K, used 18928K [0x00000000eb180000, 0x00000000ec680000, 0x0000000100000000)
  eden space 16384K, 100% used [0x00000000eb180000,0x00000000ec180000,0x00000000ec180000)
  from space 2560K, 99% used [0x00000000ec180000,0x00000000ec3fc040,0x00000000ec400000)
  to   space 2560K, 0% used [0x00000000ec400000,0x00000000ec400000,0x00000000ec680000)
 ParOldGen       total 44032K, used 6326K [0x00000000c1400000, 0x00000000c3f00000, 0x00000000eb180000)
  object space 44032K, 14% used [0x00000000c1400000,0x00000000c1a2dba0,0x00000000c3f00000)
 Metaspace       used 19817K, capacity 20542K, committed 20736K, reserved 1067008K
  class space    used 2524K, capacity 2699K, committed 2816K, reserved 1048576K
Event: 16.267 GC heap after
Heap after GC invocations=4 (full 0):
 PSYoungGen      total 18944K, used 2528K [0x00000000eb180000, 0x00000000ec680000, 0x0000000100000000)
  eden space 16384K, 0% used [0x00000000eb180000,0x00000000eb180000,0x00000000ec180000)
  from space 2560K, 98% used [0x00000000ec400000,0x00000000ec678050,0x00000000ec680000)
  to   space 2560K, 0% used [0x00000000ec180000,0x00000000ec180000,0x00000000ec400000)
 ParOldGen       total 44032K, used 8716K [0x00000000c1400000, 0x00000000c3f00000, 0x00000000eb180000)
  object space 44032K, 19% used [0x00000000c1400000,0x00000000c1c833e0,0x00000000c3f00000)
 Metaspace       used 19817K, capacity 20542K, committed 20736K, reserved 1067008K
  class space    used 2524K, capacity 2699K, committed 2816K, reserved 1048576K
}
Event: 19.783 GC heap before
{Heap before GC invocations=5 (full 0):
 PSYoungGen      total 18944K, used 5129K [0x00000000eb180000, 0x00000000ec680000, 0x0000000100000000)
  eden space 16384K, 15% used [0x00000000eb180000,0x00000000eb40a700,0x00000000ec180000)
  from space 2560K, 98% used [0x00000000ec400000,0x00000000ec678050,0x00000000ec680000)
  to   space 2560K, 0% used [0x00000000ec180000,0x00000000ec180000,0x00000000ec400000)
 ParOldGen       total 44032K, used 8716K [0x00000000c1400000, 0x00000000c3f00000, 0x00000000eb180000)
  object space 44032K, 19% used [0x00000000c1400000,0x00000000c1c833e0,0x00000000c3f00000)
 Metaspace       used 20547K, capacity 21192K, committed 21248K, reserved 1067008K
  class space    used 2595K, capacity 2764K, committed 2816K, reserved 1048576K
Event: 19.789 GC heap after
Heap after GC invocations=5 (full 0):
 PSYoungGen      total 18944K, used 2544K [0x00000000eb180000, 0x00000000ecd80000, 0x0000000100000000)
  eden space 16384K, 0% used [0x00000000eb180000,0x00000000eb180000,0x00000000ec180000)
  from space 2560K, 99% used [0x00000000ec180000,0x00000000ec3fc020,0x00000000ec400000)
  to   space 6144K, 0% used [0x00000000ec780000,0x00000000ec780000,0x00000000ecd80000)
 ParOldGen       total 44032K, used 8780K [0x00000000c1400000, 0x00000000c3f00000, 0x00000000eb180000)
  object space 44032K, 19% used [0x00000000c1400000,0x00000000c1c933e0,0x00000000c3f00000)
 Metaspace       used 20547K, capacity 21192K, committed 21248K, reserved 1067008K
  class space    used 2595K, capacity 2764K, committed 2816K, reserved 1048576K
}
Event: 19.789 GC heap before
{Heap before GC invocations=6 (full 1):
 PSYoungGen      total 18944K, used 2544K [0x00000000eb180000, 0x00000000ecd80000, 0x0000000100000000)
  eden space 16384K, 0% used [0x00000000eb180000,0x00000000eb180000,0x00000000ec180000)
  from space 2560K, 99% used [0x00000000ec180000,0x00000000ec3fc020,0x00000000ec400000)
  to   space 6144K, 0% used [0x00000000ec780000,0x00000000ec780000,0x00000000ecd80000)
 ParOldGen       total 44032K, used 8780K [0x00000000c1400000, 0x00000000c3f00000, 0x00000000eb180000)
  object space 44032K, 19% used [0x00000000c1400000,0x00000000c1c933e0,0x00000000c3f00000)
 Metaspace       used 20547K, capacity 21192K, committed 21248K, reserved 1067008K
  class space    used 2595K, capacity 2764K, committed 2816K, reserved 1048576K
Event: 19.860 GC heap after
Heap after GC invocations=6 (full 1):
 PSYoungGen      total 18944K, used 0K [0x00000000eb180000, 0x00000000ecd80000, 0x0000000100000000)
  eden space 16384K, 0% used [0x00000000eb180000,0x00000000eb180000,0x00000000ec180000)
  from space 2560K, 0% used [0x00000000ec180000,0x00000000ec180000,0x00000000ec400000)
  to   space 6144K, 0% used [0x00000000ec780000,0x00000000ec780000,0x00000000ecd80000)
 ParOldGen       total 28672K, used 8674K [0x00000000c1400000, 0x00000000c3000000, 0x00000000eb180000)
  object space 28672K, 30% used [0x00000000c1400000,0x00000000c1c78950,0x00000000c3000000)
 Metaspace       used 20547K, capacity 21192K, committed 21248K, reserved 1067008K
  class space    used 2595K, capacity 2764K, committed 2816K, reserved 1048576K
}

